<?xml version="1.0" encoding="UTF-8"?>
<!-- Generated by org.testng.reporters.JUnitXMLReporter -->
<testsuite ignored="0" hostname="DESKTOP-82II777" failures="0" tests="1" name="Chrome test" time="8.452" errors="0" timestamp="2022-04-05T00:10:06 EET">
  <testcase classname="TestProject.DataFrameWorkPro.TestBase" name="@BeforeTest setBrowserType" time="8.373">
    <failure type="java.lang.NullPointerException" message="inStream parameter is null">
      <![CDATA[java.lang.NullPointerException: inStream parameter is null
at java.base/java.util.Objects.requireNonNull(Objects.java:233)
at java.base/java.util.Properties.load(Properties.java:407)
at TestProject.DataFrameWorkPro.readers.PropertiesReader.getPropertyUsingKey(PropertiesReader.java:22)
at TestProject.DataFrameWorkPro.ConfigUtil.loadTestConfigurations(ConfigUtil.java:12)
at TestProject.DataFrameWorkPro.TestBase.launchBrowser(TestBase.java:41)
at TestProject.DataFrameWorkPro.TestBase.setBrowserType(TestBase.java:28)
... Removed 24 stack frames]]>
    </failure>
  </testcase> <!-- @BeforeTest setBrowserType -->
  <testcase classname="TestProject.DataFrameWorkPro.TestBase" name="@AfterTest quitDriver" time="-1.64911020659E9">
    <skipped/>
  </testcase> <!-- @AfterTest quitDriver -->
  <testcase classname="tests.Login" name="invokedbrowser" time="0.0">
    <skipped/>
  </testcase> <!-- invokedbrowser -->
</testsuite> <!-- Chrome test -->
